[2024-06-04 21:03:57] staging.ERROR: Unable to parse URI: https://:443 {"userId":1,"exception":"[object] (GuzzleHttp\\Psr7\\Exception\\MalformedUriException(code: 0): Unable to parse URI: https://:443 at /var/www/clone/Survivor/vendor/guzzlehttp/psr7/src/Uri.php:85)
[stacktrace]
#0 /var/www/clone/Survivor/vendor/guzzlehttp/psr7/src/Utils.php(458): GuzzleHttp\\Psr7\\Uri->__construct()
#1 /var/www/clone/Survivor/vendor/guzzlehttp/guzzle/src/Client.php(215): GuzzleHttp\\Psr7\\Utils::uriFor()
#2 /var/www/clone/Survivor/vendor/guzzlehttp/guzzle/src/Client.php(161): GuzzleHttp\\Client->buildUri()
#3 /var/www/clone/Survivor/vendor/guzzlehttp/guzzle/src/Client.php(189): GuzzleHttp\\Client->requestAsync()
#4 /var/www/clone/Survivor/vendor/guzzlehttp/guzzle/src/ClientTrait.php(95): GuzzleHttp\\Client->request()
#5 /var/www/clone/Survivor/vendor/pusher/pusher-php-server/src/Pusher.php(776): GuzzleHttp\\Client->post()
#6 /var/www/clone/Survivor/vendor/pusher/pusher-php-server/src/Pusher.php(441): Pusher\\Pusher->post()
#7 /var/www/clone/Survivor/vendor/laravel/framework/src/Illuminate/Broadcasting/Broadcasters/PusherBroadcaster.php(161): Pusher\\Pusher->trigger()
#8 /var/www/clone/Survivor/vendor/laravel/framework/src/Illuminate/Collections/Traits/EnumeratesValues.php(240): Illuminate\\Broadcasting\\Broadcasters\\PusherBroadcaster->Illuminate\\Broadcasting\\Broadcasters\\{closure}()
#9 /var/www/clone/Survivor/vendor/laravel/framework/src/Illuminate/Broadcasting/Broadcasters/PusherBroadcaster.php(160): Illuminate\\Support\\Collection->each()
#10 /var/www/clone/Survivor/vendor/laravel/framework/src/Illuminate/Broadcasting/BroadcastEvent.php(92): Illuminate\\Broadcasting\\Broadcasters\\PusherBroadcaster->broadcast()
#11 /var/www/clone/Survivor/vendor/laravel/framework/src/Illuminate/Container/BoundMethod.php(36): Illuminate\\Broadcasting\\BroadcastEvent->handle()
#12 /var/www/clone/Survivor/vendor/laravel/framework/src/Illuminate/Container/Util.php(41): Illuminate\\Container\\BoundMethod::Illuminate\\Container\\{closure}()
#13 /var/www/clone/Survivor/vendor/laravel/framework/src/Illuminate/Container/BoundMethod.php(93): Illuminate\\Container\\Util::unwrapIfClosure()
#14 /var/www/clone/Survivor/vendor/laravel/framework/src/Illuminate/Container/BoundMethod.php(35): Illuminate\\Container\\BoundMethod::callBoundMethod()
#15 /var/www/clone/Survivor/vendor/laravel/framework/src/Illuminate/Container/Container.php(662): Illuminate\\Container\\BoundMethod::call()
#16 /var/www/clone/Survivor/vendor/laravel/framework/src/Illuminate/Bus/Dispatcher.php(128): Illuminate\\Container\\Container->call()
#17 /var/www/clone/Survivor/vendor/laravel/framework/src/Illuminate/Pipeline/Pipeline.php(144): Illuminate\\Bus\\Dispatcher->Illuminate\\Bus\\{closure}()
#18 /var/www/clone/Survivor/vendor/laravel/framework/src/Illuminate/Pipeline/Pipeline.php(119): Illuminate\\Pipeline\\Pipeline->Illuminate\\Pipeline\\{closure}()
#19 /var/www/clone/Survivor/vendor/laravel/framework/src/Illuminate/Bus/Dispatcher.php(132): Illuminate\\Pipeline\\Pipeline->then()
#20 /var/www/clone/Survivor/vendor/laravel/framework/src/Illuminate/Broadcasting/BroadcastManager.php(158): Illuminate\\Bus\\Dispatcher->dispatchNow()
#21 /var/www/clone/Survivor/vendor/laravel/framework/src/Illuminate/Events/Dispatcher.php(357): Illuminate\\Broadcasting\\BroadcastManager->queue()
#22 /var/www/clone/Survivor/vendor/laravel/framework/src/Illuminate/Events/Dispatcher.php(280): Illuminate\\Events\\Dispatcher->broadcastEvent()
#23 /var/www/clone/Survivor/vendor/laravel/framework/src/Illuminate/Events/Dispatcher.php(266): Illuminate\\Events\\Dispatcher->invokeListeners()
#24 /var/www/clone/Survivor/vendor/laravel/framework/src/Illuminate/Broadcasting/PendingBroadcast.php(72): Illuminate\\Events\\Dispatcher->dispatch()
#25 /var/www/clone/Survivor/app/Livewire/ChatRoom.php(55): Illuminate\\Broadcasting\\PendingBroadcast->__destruct()
#26 /var/www/clone/Survivor/vendor/laravel/framework/src/Illuminate/Container/BoundMethod.php(36): App\\Livewire\\ChatRoom->save()
#27 /var/www/clone/Survivor/vendor/laravel/framework/src/Illuminate/Container/Util.php(41): Illuminate\\Container\\BoundMethod::Illuminate\\Container\\{closure}()
#28 /var/www/clone/Survivor/vendor/laravel/framework/src/Illuminate/Container/BoundMethod.php(93): Illuminate\\Container\\Util::unwrapIfClosure()
#29 /var/www/clone/Survivor/vendor/laravel/framework/src/Illuminate/Container/BoundMethod.php(35): Illuminate\\Container\\BoundMethod::callBoundMethod()
#30 /var/www/clone/Survivor/vendor/livewire/livewire/src/Wrapped.php(23): Illuminate\\Container\\BoundMethod::call()
#31 /var/www/clone/Survivor/vendor/livewire/livewire/src/Mechanisms/HandleComponents/HandleComponents.php(474): Livewire\\Wrapped->__call()
#32 /var/www/clone/Survivor/vendor/livewire/livewire/src/Mechanisms/HandleComponents/HandleComponents.php(101): Livewire\\Mechanisms\\HandleComponents\\HandleComponents->callMethods()
#33 /var/www/clone/Survivor/vendor/livewire/livewire/src/LivewireManager.php(97): Livewire\\Mechanisms\\HandleComponents\\HandleComponents->update()
#34 /var/www/clone/Survivor/vendor/livewire/volt/src/LivewireManager.php(35): Livewire\\LivewireManager->update()
#35 /var/www/clone/Survivor/vendor/livewire/livewire/src/Mechanisms/HandleRequests/HandleRequests.php(93): Livewire\\Volt\\LivewireManager->update()
#36 /var/www/clone/Survivor/vendor/laravel/framework/src/Illuminate/Routing/ControllerDispatcher.php(46): Livewire\\Mechanisms\\HandleRequests\\HandleRequests->handleUpdate()
#37 /var/www/clone/Survivor/vendor/laravel/framework/src/Illuminate/Routing/Route.php(259): Illuminate\\Routing\\ControllerDispatcher->dispatch()
#38 /var/www/clone/Survivor/vendor/laravel/framework/src/Illuminate/Routing/Route.php(205): Illuminate\\Routing\\Route->runController()
#39 /var/www/clone/Survivor/vendor/laravel/framework/src/Illuminate/Routing/Router.php(806): Illuminate\\Routing\\Route->run()
#40 /var/www/clone/Survivor/vendor/laravel/framework/src/Illuminate/Pipeline/Pipeline.php(144): Illuminate\\Routing\\Router->Illuminate\\Routing\\{closure}()
#41 /var/www/clone/Survivor/vendor/laravel/framework/src/Illuminate/Routing/Middleware/SubstituteBindings.php(50): Illuminate\\Pipeline\\Pipeline->Illuminate\\Pipeline\\{closure}()
#42 /var/www/clone/Survivor/vendor/laravel/framework/src/Illuminate/Pipeline/Pipeline.php(183): Illuminate\\Routing\\Middleware\\SubstituteBindings->handle()
#43 /var/www/clone/Survivor/vendor/laravel/framework/src/Illuminate/Foundation/Http/Middleware/VerifyCsrfToken.php(78): Illuminate\\Pipeline\\Pipeline->Illuminate\\Pipeline\\{closure}()
#44 /var/www/clone/Survivor/vendor/laravel/framework/src/Illuminate/Pipeline/Pipeline.php(183): Illuminate\\Foundation\\Http\\Middleware\\VerifyCsrfToken->handle()
#45 /var/www/clone/Survivor/vendor/laravel/framework/src/Illuminate/View/Middleware/ShareErrorsFromSession.php(49): Illuminate\\Pipeline\\Pipeline->Illuminate\\Pipeline\\{closure}()
#46 /var/www/clone/Survivor/vendor/laravel/framework/src/Illuminate/Pipeline/Pipeline.php(183): Illuminate\\View\\Middleware\\ShareErrorsFromSession->handle()
#47 /var/www/clone/Survivor/vendor/laravel/framework/src/Illuminate/Session/Middleware/StartSession.php(121): Illuminate\\Pipeline\\Pipeline->Illuminate\\Pipeline\\{closure}()
#48 /var/www/clone/Survivor/vendor/laravel/framework/src/Illuminate/Session/Middleware/StartSession.php(64): Illuminate\\Session\\Middleware\\StartSession->handleStatefulRequest()
#49 /var/www/clone/Survivor/vendor/laravel/framework/src/Illuminate/Pipeline/Pipeline.php(183): Illuminate\\Session\\Middleware\\StartSession->handle()
#50 /var/www/clone/Survivor/vendor/laravel/framework/src/Illuminate/Cookie/Middleware/AddQueuedCookiesToResponse.php(37): Illuminate\\Pipeline\\Pipeline->Illuminate\\Pipeline\\{closure}()
#51 /var/www/clone/Survivor/vendor/laravel/framework/src/Illuminate/Pipeline/Pipeline.php(183): Illuminate\\Cookie\\Middleware\\AddQueuedCookiesToResponse->handle()
#52 /var/www/clone/Survivor/vendor/laravel/framework/src/Illuminate/Cookie/Middleware/EncryptCookies.php(67): Illuminate\\Pipeline\\Pipeline->Illuminate\\Pipeline\\{closure}()
#53 /var/www/clone/Survivor/vendor/laravel/framework/src/Illuminate/Pipeline/Pipeline.php(183): Illuminate\\Cookie\\Middleware\\EncryptCookies->handle()
#54 /var/www/clone/Survivor/vendor/laravel/framework/src/Illuminate/Pipeline/Pipeline.php(119): Illuminate\\Pipeline\\Pipeline->Illuminate\\Pipeline\\{closure}()
#55 /var/www/clone/Survivor/vendor/laravel/framework/src/Illuminate/Routing/Router.php(805): Illuminate\\Pipeline\\Pipeline->then()
#56 /var/www/clone/Survivor/vendor/laravel/framework/src/Illuminate/Routing/Router.php(784): Illuminate\\Routing\\Router->runRouteWithinStack()
#57 /var/www/clone/Survivor/vendor/laravel/framework/src/Illuminate/Routing/Router.php(748): Illuminate\\Routing\\Router->runRoute()
#58 /var/www/clone/Survivor/vendor/laravel/framework/src/Illuminate/Routing/Router.php(737): Illuminate\\Routing\\Router->dispatchToRoute()
#59 /var/www/clone/Survivor/vendor/laravel/framework/src/Illuminate/Foundation/Http/Kernel.php(200): Illuminate\\Routing\\Router->dispatch()
#60 /var/www/clone/Survivor/vendor/laravel/framework/src/Illuminate/Pipeline/Pipeline.php(144): Illuminate\\Foundation\\Http\\Kernel->Illuminate\\Foundation\\Http\\{closure}()
#61 /var/www/clone/Survivor/vendor/livewire/livewire/src/Features/SupportDisablingBackButtonCache/DisableBackButtonCacheMiddleware.php(19): Illuminate\\Pipeline\\Pipeline->Illuminate\\Pipeline\\{closure}()
#62 /var/www/clone/Survivor/vendor/laravel/framework/src/Illuminate/Pipeline/Pipeline.php(183): Livewire\\Features\\SupportDisablingBackButtonCache\\DisableBackButtonCacheMiddleware->handle()
#63 /var/www/clone/Survivor/vendor/laravel/framework/src/Illuminate/Foundation/Http/Middleware/ConvertEmptyStringsToNull.php(27): Illuminate\\Pipeline\\Pipeline->Illuminate\\Pipeline\\{closure}()
#64 /var/www/clone/Survivor/vendor/laravel/framework/src/Illuminate/Pipeline/Pipeline.php(183): Illuminate\\Foundation\\Http\\Middleware\\ConvertEmptyStringsToNull->handle()
#65 /var/www/clone/Survivor/vendor/laravel/framework/src/Illuminate/Foundation/Http/Middleware/TrimStrings.php(36): Illuminate\\Pipeline\\Pipeline->Illuminate\\Pipeline\\{closure}()
#66 /var/www/clone/Survivor/vendor/laravel/framework/src/Illuminate/Pipeline/Pipeline.php(183): Illuminate\\Foundation\\Http\\Middleware\\TrimStrings->handle()
#67 /var/www/clone/Survivor/vendor/laravel/framework/src/Illuminate/Foundation/Http/Middleware/ValidatePostSize.php(27): Illuminate\\Pipeline\\Pipeline->Illuminate\\Pipeline\\{closure}()
#68 /var/www/clone/Survivor/vendor/laravel/framework/src/Illuminate/Pipeline/Pipeline.php(183): Illuminate\\Foundation\\Http\\Middleware\\ValidatePostSize->handle()
#69 /var/www/clone/Survivor/vendor/laravel/framework/src/Illuminate/Foundation/Http/Middleware/PreventRequestsDuringMaintenance.php(99): Illuminate\\Pipeline\\Pipeline->Illuminate\\Pipeline\\{closure}()
#70 /var/www/clone/Survivor/vendor/laravel/framework/src/Illuminate/Pipeline/Pipeline.php(183): Illuminate\\Foundation\\Http\\Middleware\\PreventRequestsDuringMaintenance->handle()
#71 /var/www/clone/Survivor/vendor/laravel/framework/src/Illuminate/Http/Middleware/HandleCors.php(49): Illuminate\\Pipeline\\Pipeline->Illuminate\\Pipeline\\{closure}()
#72 /var/www/clone/Survivor/vendor/laravel/framework/src/Illuminate/Pipeline/Pipeline.php(183): Illuminate\\Http\\Middleware\\HandleCors->handle()
#73 /var/www/clone/Survivor/vendor/laravel/framework/src/Illuminate/Http/Middleware/TrustProxies.php(39): Illuminate\\Pipeline\\Pipeline->Illuminate\\Pipeline\\{closure}()
#74 /var/www/clone/Survivor/vendor/laravel/framework/src/Illuminate/Pipeline/Pipeline.php(183): Illuminate\\Http\\Middleware\\TrustProxies->handle()
#75 /var/www/clone/Survivor/vendor/laravel/framework/src/Illuminate/Pipeline/Pipeline.php(119): Illuminate\\Pipeline\\Pipeline->Illuminate\\Pipeline\\{closure}()
#76 /var/www/clone/Survivor/vendor/laravel/framework/src/Illuminate/Foundation/Http/Kernel.php(175): Illuminate\\Pipeline\\Pipeline->then()
#77 /var/www/clone/Survivor/vendor/laravel/framework/src/Illuminate/Foundation/Http/Kernel.php(144): Illuminate\\Foundation\\Http\\Kernel->sendRequestThroughRouter()
#78 /var/www/clone/Survivor/public/index.php(51): Illuminate\\Foundation\\Http\\Kernel->handle()
#79 {main}
"} 
